<?xml version="1.0" encoding="utf-8"?><testsuites name="pytest tests"><testsuite name="pytest" errors="0" failures="0" skipped="3" tests="514" time="256.000" timestamp="2026-07-18T14:17:57.614790+04:00" hostname="cluster"><testcase classname="tests.test_audit_levir_cc_milestone" name="test_build_report_not_ready_without_required_files" time="0.006" /><testcase classname="tests.test_audit_levir_cc_milestone" name="test_build_report_ready_when_required_files_and_simple_preset_exist" time="0.005" /><testcase classname="tests.test_audit_levir_cc_milestone" name="test_cli_exits_nonzero_until_milestone_ready" time="0.073" /><testcase classname="tests.test_bootstrap_change_retrieval_assets" name="test_bootstrap_change_retrieval_assets" time="1.084" /><testcase classname="tests.test_build_cluster_smoke_report" name="test_build_project_assets_report_not_ready" time="0.003" /><testcase classname="tests.test_build_cluster_smoke_report" name="test_build_project_assets_report_ready" time="0.011" /><testcase classname="tests.test_build_cluster_smoke_report" name="test_main_report_includes_dataset_curriculum" time="0.002" /><testcase classname="tests.test_change_retrieval_download_planner" name="test_planner_refuses_dynamicearthnet_in_baseline_mode" time="0.002" /><testcase classname="tests.test_change_retrieval_download_planner" name="test_planner_detects_existing_levir_and_avoids_duplicate_download" time="0.002" /><testcase classname="tests.test_change_retrieval_download_planner" name="test_planner_blocks_unknown_size_automatic_downloads_by_default" time="0.002" /><testcase classname="tests.test_change_retrieval_download_planner" name="test_planner_cli_writes_json" time="4.348" /><testcase classname="tests.test_change_retrieval_setup" name="test_setup_rs_change_project_writes_layout_and_manifest" time="0.067" /><testcase classname="tests.test_change_retrieval_setup" name="test_index_and_render_change_dataset_roundtrip" time="0.461" /><testcase classname="tests.test_change_retrieval_setup" name="test_change_dataset_classes_from_root" time="0.004" /><testcase classname="tests.test_change_retrieval_setup" name="test_build_levir_cc_manifest" time="0.089" /><testcase classname="tests.test_cluster_paths" name="test_default_cluster_layout_paths" time="0.002" /><testcase classname="tests.test_cluster_paths" name="test_shell_exports_include_expected_roots" time="0.002" /><testcase classname="tests.test_cluster_paths" name="test_ensure_symlink_creates_link" time="0.004" /><testcase classname="tests.test_cluster_paths" name="test_ensure_symlink_rejects_existing_directory" time="0.003" /><testcase classname="tests.test_compare_qcpr_evaluations" name="test_comparison_writes_acceptance_csv_json_and_contact_sheet" time="0.015" /><testcase classname="tests.test_contracts" name="test_segmentation_artifact_aliases" time="0.002" /><testcase classname="tests.test_contracts" name="test_cell_pack_bbox" time="0.002" /><testcase classname="tests.test_dataset_curriculum" name="test_datasets_by_stage_includes_grounded_and_transition_stages" time="0.002" /><testcase classname="tests.test_dataset_curriculum" name="test_curriculum_summary_marks_default_bootstrap_and_paths" time="0.004" /><testcase classname="tests.test_deterministic_reporting" name="test_segmentation_reporting_builds_full_row" time="0.004" /><testcase classname="tests.test_download_and_training_bootstrap" name="test_download_script_skip_modes" time="4.111" /><testcase classname="tests.test_download_and_training_bootstrap" name="test_build_change_retrieval_training_manifest" time="0.092" /><testcase classname="tests.test_download_semantic_models" name="test_build_model_targets_runtime_only" time="0.004" /><testcase classname="tests.test_download_semantic_models" name="test_build_model_targets_with_research" time="0.004" /><testcase classname="tests.test_duplicate_caption_retrieval" name="test_duplicate_captions_share_positive_pairs" time="0.005" /><testcase classname="tests.test_duplicate_caption_retrieval" name="test_loss_infers_duplicate_groups_from_identical_text_embeddings" time="0.009" /><testcase classname="tests.test_duplicate_caption_retrieval" name="test_text_to_pair_retrieval_uses_query_role" time="0.004" /><testcase classname="tests.test_execution_bootstrap" name="test_run_change_retrieval_train_eval" time="8.322" /><testcase classname="tests.test_execution_bootstrap" name="test_build_levir_cc_text_index_numpy_fallback" time="0.381" /><testcase classname="tests.test_ingestion_manifests" name="test_normalize_scene_record_and_catalog_filtering" time="0.001" /><testcase classname="tests.test_ingestion_manifests" name="test_pair_builder_uses_dates_cloud_and_bbox" time="0.001" /><testcase classname="tests.test_ingestion_manifests" name="test_simulated_patch_exports_assign_local_paths" time="0.002" /><testcase classname="tests.test_ingestion_manifests" name="test_export_cdse_pairs_cli_writes_jsonl" time="0.087" /><testcase classname="tests.test_inspect_project_state" name="test_inspect_project_state_includes_pair_retrieval_summaries" time="0.132" /><testcase classname="tests.test_jina_token_groups" name="test_jina_token_metadata_builds_attribute_groups_and_targets" time="0.003" /><testcase classname="tests.test_jina_token_groups" name="test_direction_words_are_content_tokens_and_map_to_opposite_targets" time="0.003" /><testcase classname="tests.test_levir_cc_audit" name="test_summarize_run_marks_missing_artifacts_incomplete" time="0.008" /><testcase classname="tests.test_levir_cc_audit" name="test_summarize_run_marks_complete_milestone_when_gate_and_artifacts_exist" time="0.008" /><testcase classname="tests.test_levir_cc_audit" name="test_summarize_required_files_and_runs" time="0.005" /><testcase classname="tests.test_levir_cc_retrieval_overfit" name="test_build_levir_cc_pair_manifest_and_overfit" time="0.139" /><testcase classname="tests.test_levir_cc_retrieval_overfit" name="test_validate_levir_cc_pair_manifest_rejects_pair_leakage" time="0.100" /><testcase classname="tests.test_levir_mci_binary_retrieval" name="test_levir_mci_validate_render_train_eval" time="8.177" /><testcase classname="tests.test_levir_mci_parser" name="test_official_caption_parser_uses_raw_sentence_strings" time="0.006" /><testcase classname="tests.test_levir_mci_parser" name="test_official_caption_parser_does_not_flatten_token_lists" time="0.005" /><testcase classname="tests.test_manual_dataset_imports" name="test_import_manual_second_cc" time="0.379" /><testcase classname="tests.test_manual_dataset_imports" name="test_import_manual_hi_ucd" time="0.347" /><testcase classname="tests.test_manual_dataset_imports" name="test_import_manual_qag360k" time="0.383" /><testcase classname="tests.test_manual_dataset_imports" name="test_import_manual_terra_cd" time="0.436" /><testcase classname="tests.test_mask_loading_contract" name="test_rgb_direction_masks_decode_red_and_blue_without_luminance_loss" time="0.007" /><testcase classname="tests.test_mask_loading_contract" name="test_mask_loader_downsampling_preserves_small_foreground" time="0.005" /><testcase classname="tests.test_mixed_supervision_contracts" name="test_palette_labels_compare_indices_not_palette_luminance" time="0.005" /><testcase classname="tests.test_mixed_supervision_contracts" name="test_rgb_labels_compare_class_tuples_not_luminance" time="0.005" /><testcase classname="tests.test_mixed_supervision_contracts" name="test_target_taxonomy_assigns_explicit_source_weights" time="0.011" /><testcase classname="tests.test_mixed_supervision_contracts" name="test_semantic_transition_union_uses_low_generic_weight" time="0.007" /><testcase classname="tests.test_mixed_supervision_contracts" name="test_generic_targets_have_reduced_loss_weight_and_none_is_excluded" time="0.004" /><testcase classname="tests.test_mixed_supervision_contracts" name="test_shared_retrieval_filter_excludes_s2looking_but_collator_keeps_its_mask_supervision" time="0.002" /><testcase classname="tests.test_mixed_supervision_contracts" name="test_mask_metrics_exclude_unsupervised_rows_from_denominator" time="0.004" /><testcase classname="tests.test_mixed_supervision_contracts" name="test_mask_metrics_expose_empty_target_false_positive_collapse" time="0.006" /><testcase classname="tests.test_mixed_supervision_contracts" name="test_temporal_channel_metrics_report_changed_appeared_and_disappeared_separately" time="0.004" /><testcase classname="tests.test_mixed_supervision_contracts" name="test_patchseg_readiness_requires_mixed_supervision_smoke_evidence" time="8.632" /><testcase classname="tests.test_pair_retrieval_manifest_builders" name="test_fake_second_like_manifest_builder" time="0.390" /><testcase classname="tests.test_pair_retrieval_manifest_builders" name="test_fake_hiucd_like_manifest_builder" time="0.386" /><testcase classname="tests.test_pipeline_v2_smoke" name="test_pipeline_v2_smoke" time="0.003" /><testcase classname="tests.test_preprocess_levir_cc" name="test_preprocess_levir_cc_valid_zip_layout_and_idempotent_hashes" time="0.332" /><testcase classname="tests.test_preprocess_levir_cc" name="test_preprocess_levir_cc_valid_tar_layout" time="0.146" /><testcase classname="tests.test_preprocess_levir_cc" name="test_preprocess_levir_cc_marks_fallback_splits_as_non_official" time="0.140" /><testcase classname="tests.test_preprocess_levir_cc" name="test_preprocess_levir_cc_rejects_archive_path_traversal" time="0.141" /><testcase classname="tests.test_preprocess_levir_cc" name="test_preprocess_levir_cc_rejects_incomplete_pairs" time="0.199" /><testcase classname="tests.test_preprocess_levir_cc" name="test_preprocess_levir_cc_verify_only_changes_no_files" time="0.290" /><testcase classname="tests.test_preprocess_levir_cc" name="test_preprocess_levir_cc_verify_only_requires_existing_extraction" time="0.123" /><testcase classname="tests.test_prithvi_backend_placeholder" name="test_prithvi_backend_requires_multispectral_input" time="0.024" /><testcase classname="tests.test_prithvi_backend_placeholder" name="test_prithvi_backend_is_explicitly_not_implemented_yet" time="0.008" /><testcase classname="tests.test_prithvi_backend_runtime" name="test_prithvi_backend_runtime_and_feature_export" time="0.009" /><testcase classname="tests.test_prithvi_backend_runtime" name="test_inspect_prithvi_backend_cli" time="4.176" /><testcase classname="tests.test_prithvi_backend_runtime" name="test_load_prithvi_backend_runtime_cli" time="4.179" /><testcase classname="tests.test_prithvi_experimental_contract" name="test_experimental_prithvi_requires_six_band_input" time="0.002" /><testcase classname="tests.test_prithvi_experimental_contract" name="test_experimental_prithvi_disabled_by_default" time="0.002" /><testcase classname="tests.test_prithvi_experimental_contract" name="test_experimental_prithvi_capabilities_contract" time="0.002" /><testcase classname="tests.test_prithvi_runtime_bundle" name="test_build_prithvi_runtime_bundle" time="0.009" /><testcase classname="tests.test_prithvi_runtime_bundle" name="test_validate_prithvi_runtime_bundle_cli" time="4.028" /><testcase classname="tests.test_prithvi_runtime_resolution" name="test_resolve_prithvi_runtime_prefers_existing_candidates" time="0.006" /><testcase classname="tests.test_prithvi_runtime_resolution" name="test_inspect_prithvi_runtime_cli" time="4.187" /><testcase classname="tests.test_prithvi_runtime_template" name="test_write_prithvi_terratorch_template_and_inspect" time="4.384" /><testcase classname="tests.test_prithvi_semantic_manifest" name="test_build_prithvi_semantic_manifest" time="0.084" /><testcase classname="tests.test_prithvi_semantic_manifest" name="test_semantic_manifest_dataset_loads_prithvi_6band_npy" time="0.014" /><testcase classname="tests.test_prithvi_terratorch_experimental_runner" name="test_prithvi_terratorch_experimental_runner_fallback" time="16.147" /><testcase classname="tests.test_prithvi_terratorch_experimental_runner" name="test_prithvi_terratorch_experimental_runner_blocks_without_fallback" time="6.663" /><testcase classname="tests.test_prithvi_training_pipeline" name="test_run_prithvi_semantic_train_eval" time="9.637" /><testcase classname="tests.test_qcpr_candidate_explanations" name="test_candidates_receive_distinct_masks_and_mask_weights_define_local_score" time="0.017" /><testcase classname="tests.test_qcpr_candidate_explanations" name="test_temporal_descriptor_reversal_swaps_signed_direction" time="0.001" /><testcase classname="tests.test_qcpr_candidate_explanations" name="test_candidate_renderer_uses_candidate_logits_functionally" time="0.080" /><testcase classname="tests.test_qcpr_candidate_explanations" name="test_v2_candidate_renderer_reproduces_changed_channel_mask_prior" time="0.197" /><testcase classname="tests.test_qcpr_candidate_explanations" name="test_chunked_and_unchunked_qcpr_rankings_match" time="0.102" /><testcase classname="tests.test_qcpr_patch_reranker" name="test_qcpr_fused_scores_and_mask_shapes" time="0.098" /><testcase classname="tests.test_qcpr_patch_reranker" name="test_query_segmentation_loss_is_finite_and_backpropagates_to_both_heads" time="0.100" /><testcase classname="tests.test_qcpr_patch_reranker" name="test_query_segmentation_loss_rejects_non_square_patch_grid" time="0.001" /><testcase classname="tests.test_qcpr_patch_reranker" name="test_query_segmentation_loss_ignores_pairs_without_real_supervision" time="0.002" /><testcase classname="tests.test_qcpr_patch_reranker" name="test_patch_mask_targets_preserve_tiny_foreground_and_penalize_empty_prediction" time="0.096" /><testcase classname="tests.test_qcpr_renderer_versioning" name="test_qcpr_v1_renderer_writes_grey_unavailable_panels" time="0.179" /><testcase classname="tests.test_qcpr_renderer_versioning" name="test_untrained_v2_channels_are_not_presented_as_explanations" time="0.017" /><testcase classname="tests.test_qcpr_renderer_versioning" name="test_trained_v2_channels_record_supervision_and_gradient_provenance" time="0.001" /><testcase classname="tests.test_qcpr_renderer_versioning" name="test_evaluation_artifacts_reject_nan_and_inf" time="0.001" /><testcase classname="tests.test_qcpr_structured_hard_negatives" name="test_wrong_direction_hard_negative_is_detected" time="0.002" /><testcase classname="tests.test_qcpr_structured_hard_negatives" name="test_wrong_location_hard_negative_is_detected" time="0.002" /><testcase classname="tests.test_qcpr_structured_hard_negatives" name="test_wrong_count_hard_negative_is_detected" time="0.001" /><testcase classname="tests.test_qcpr_structured_hard_negatives" name="test_latent_positive_is_excluded_from_local_margin_loss" time="0.005" /><testcase classname="tests.test_qcpr_structured_hard_negatives" name="test_synthetic_optimization_step_improves_local_positive_over_hard_negative" time="0.005" /><testcase classname="tests.test_qcpr_structured_hard_negatives" name="test_conditional_identity_loss_only_uses_broad_semantic_group" time="0.083" /><testcase classname="tests.test_qcpr_structured_hard_negatives" name="test_auxiliary_evidence_losses_only_use_available_attribute_labels" time="0.001" /><testcase classname="tests.test_qcpr_structured_hard_negatives" name="test_auxiliary_evidence_loss_is_autocast_safe" time="0.002" /><testcase classname="tests.test_qcpr_structured_hard_negatives" name="test_auxiliary_evidence_loss_averages_active_attributes" time="0.001" /><testcase classname="tests.test_qcpr_v2_production" name="test_qcpr_v1_state_dict_strict_roundtrip_and_legacy_score" time="0.003" /><testcase classname="tests.test_qcpr_v2_production" name="test_qcpr_v2_token_conditioned_shapes_and_gradients" time="0.095" /><testcase classname="tests.test_qcpr_v2_production" name="test_v2_global_score_matches_v1_compatible_initial_global_retrieval" time="0.096" /><testcase classname="tests.test_qcpr_v2_production" name="test_qcpr_v2_query_mask_uses_changed_channel_as_temporal_prior" time="0.097" /><testcase classname="tests.test_qcpr_v2_production" name="test_qcpr_v2_model_forward_does_not_require_legacy_mask_query_embeddings" time="0.004" /><testcase classname="tests.test_qcpr_v2_production" name="test_qcpr_v2_token_patch_aggregation_is_not_a_single_maximum" time="0.098" /><testcase classname="tests.test_qcpr_v2_production" name="test_qcpr_v2_reports_token_group_grounding_scores" time="0.100" /><testcase classname="tests.test_qcpr_v2_production" name="test_direction_losses_use_real_supervision_and_reversal_swap" time="0.097" /><testcase classname="tests.test_qcpr_v2_production" name="test_v2_parameters_are_in_optimizer_exactly_once" time="0.003" /><testcase classname="tests.test_qcpr_v2_production" name="test_two_stage_reranker_cannot_promote_outside_global_candidate_pool" time="0.095" /><testcase classname="tests.test_qcpr_v2_production" name="test_count_margin_loss_is_noop_without_valid_count_negatives" time="0.002" /><testcase classname="tests.test_qcpr_v2_production" name="test_local_objective_does_not_update_frozen_global_modules" time="0.002" /><testcase classname="tests.test_qcpr_v31_encoder_ablation" name="test_temporal_delta_reversal_changes_sign" time="0.001" /><testcase classname="tests.test_qcpr_v31_encoder_ablation" name="test_zero_shot_temporal_score_has_expected_shape" time="0.093" /><testcase classname="tests.test_qcpr_v31_encoder_ablation" name="test_retrieval_metrics_are_deterministic_and_exact_pair_is_diagnostic" time="0.002" /><testcase classname="tests.test_qcpr_v31_encoder_ablation" name="test_query_group_metrics_preserve_empty_group_as_not_evaluated" time="0.002" /><testcase classname="tests.test_qcpr_v31_encoder_ablation" name="test_replacement_gate_requires_no_regression_and_improvement" time="0.001" /><testcase classname="tests.test_qcpr_v31_encoder_ablation" name="test_stable_fingerprint_changes_with_order" time="0.001" /><testcase classname="tests.test_qcpr_v31_encoder_ablation" name="test_invalid_temporal_shapes_are_rejected" time="0.001" /><testcase classname="tests.test_qcpr_v31_encoder_ablation" name="test_global_checkpoint_load_is_strict_but_excludes_versioned_grounder" time="0.004" /><testcase classname="tests.test_qcpr_v31_encoder_ablation" name="test_global_checkpoint_load_rejects_missing_global_key" time="0.002" /><testcase classname="tests.test_qcpr_v31_encoder_ablation" name="test_global_checkpoint_load_rejects_unknown_non_grounder_prefix" time="0.002" /><testcase classname="tests.test_qcpr_v31_encoder_ablation" name="test_pooled_feature_tensor_supports_transformers_return_contracts[output0]" time="0.001" /><testcase classname="tests.test_qcpr_v31_encoder_ablation" name="test_pooled_feature_tensor_supports_transformers_return_contracts[output1]" time="0.001" /><testcase classname="tests.test_qcpr_v31_encoder_ablation" name="test_pooled_feature_tensor_supports_transformers_return_contracts[output2]" time="0.001" /><testcase classname="tests.test_qcpr_v31_encoder_ablation" name="test_pooled_feature_tensor_rejects_wrong_batch_and_nonfinite" time="0.001" /><testcase classname="tests.test_qcpr_v31_encoder_ablation" name="test_encoder_progress_eta_resets_for_each_stage" time="0.002" /><testcase classname="tests.test_qcpr_v3_data" name="test_directional_sanity_schedule_is_deterministic_and_60_20_20" time="0.001" /><testcase classname="tests.test_qcpr_v3_data" name="test_derived_manifests_are_deterministic_capped_and_duplicate_aware" time="0.006" /><testcase classname="tests.test_qcpr_v3_data" name="test_cross_split_duplicate_caption_is_reported_not_silently_deleted" time="0.004" /><testcase classname="tests.test_qcpr_v3_data" name="test_cross_split_duplicate_pair_images_are_a_hard_leakage_failure" time="0.003" /><testcase classname="tests.test_qcpr_v3_data" name="test_capped_sampler_limits_no_change_and_never_repeats_pair_in_batch" time="0.002" /><testcase classname="tests.test_qcpr_v3_data" name="test_capped_sampler_small_batch_terminates_and_consumes_no_change_rows" time="0.001" /><testcase classname="tests.test_qcpr_v3_data" name="test_dataset_audit_reports_pair_progress" time="0.004" /><testcase classname="tests.test_qcpr_v3_data" name="test_directional_curriculum_is_deterministic_pair_unique_and_60_20_20" time="0.001" /><testcase classname="tests.test_qcpr_v3_data" name="test_hard_background_crop_selects_a_foreground_free_native_tile" time="0.002" /><testcase classname="tests.test_qcpr_v3_evaluation" name="test_two_stage_metrics_report_candidate_loss_and_gain" time="0.048" /><testcase classname="tests.test_qcpr_v3_evaluation" name="test_soft_segmentation_reports_empty_nonempty_and_pointing" time="0.001" /><testcase classname="tests.test_qcpr_v3_experiment" name="test_broad_margin_excludes_relevant_duplicate_from_negative_pool" time="0.003" /><testcase classname="tests.test_qcpr_v3_experiment" name="test_parser_derived_near_miss_is_not_b_gate_eligible" time="0.005" /><testcase classname="tests.test_qcpr_v3_experiment" name="test_c_gate_requires_mask_evidence_and_human_structured_labels" time="0.005" /><testcase classname="tests.test_qcpr_v3_experiment" name="test_margin_family_reports_keep_parser_labels_non_gate_eligible" time="0.007" /><testcase classname="tests.test_qcpr_v3_experiment" name="test_parser_near_miss_aggregates_pair_captions_and_excludes_ambiguous_direction" time="0.001" /><testcase classname="tests.test_qcpr_v3_explanations" name="test_directional_counterfactuals_appeared_changes_only_t2_tile" time="0.001" /><testcase classname="tests.test_qcpr_v3_explanations" name="test_directional_counterfactuals_disappeared_changes_only_t1_tile" time="0.001" /><testcase classname="tests.test_qcpr_v3_explanations" name="test_selected_counterfactual_preserves_everything_outside_selected_tile" time="0.001" /><testcase classname="tests.test_qcpr_v3_explanations" name="test_color_matched_counterfactual_keeps_destination_tile_mean" time="0.001" /><testcase classname="tests.test_qcpr_v3_explanations" name="test_contribution_mass_selects_minimum_tiles_and_empty_has_no_fallback" time="0.001" /><testcase classname="tests.test_qcpr_v3_explanations" name="test_score_reconstruction_matches_reranked_score" time="0.001" /><testcase classname="tests.test_qcpr_v3_explanations" name="test_chunked_counterfactual_scoring_matches_unchunked_and_localizes_toy_tile" time="0.002" /><testcase classname="tests.test_qcpr_v3_fast_eval" name="test_pad_token_batches_preserves_variable_length_tokens_and_attention" time="0.001" /><testcase classname="tests.test_qcpr_v3_fast_eval" name="test_write_progress_is_atomic_and_has_eta" time="0.002" /><testcase classname="tests.test_qcpr_v3_fast_eval" name="test_score_uses_only_global_top_n_candidates" time="0.001" /><testcase classname="tests.test_qcpr_v3_losses" name="test_foreground_preserving_resize_keeps_single_small_positive" time="0.001" /><testcase classname="tests.test_qcpr_v3_losses" name="test_separated_mask_contract_reports_provenance_and_mismatch_negative" time="0.056" /><testcase classname="tests.test_qcpr_v3_losses" name="test_positive_predictions_are_never_reused_as_mismatch_negatives" time="0.003" /><testcase classname="tests.test_qcpr_v3_losses" name="test_only_explicit_recomputed_mismatch_is_penalized" time="0.004" /><testcase classname="tests.test_qcpr_v3_losses" name="test_sparse_positive_gradient_raises_foreground_and_lowers_background" time="0.097" /><testcase classname="tests.test_qcpr_v3_losses" name="test_generic_union_has_lower_primary_weight_than_verified_query_mask" time="0.004" /><testcase classname="tests.test_qcpr_v3_losses" name="test_scientific_mask_metrics_are_unsmoothed_and_report_pixel_average_precision" time="0.096" /><testcase classname="tests.test_qcpr_v3_losses" name="test_mask_objective_a_is_dice_plus_balanced_focal_with_separate_empty_bce" time="0.003" /><testcase classname="tests.test_qcpr_v3_losses" name="test_empty_mask_uses_quarter_weighted_bce_with_logits" time="0.096" /><testcase classname="tests.test_qcpr_v3_losses" name="test_localization_margin_excludes_empty_rows_from_background" time="0.002" /><testcase classname="tests.test_qcpr_v3_m0" name="test_m0_sampler_is_pair_unique_and_70_30" time="0.001" /><testcase classname="tests.test_qcpr_v3_m0" name="test_m0_loss_favors_calibrated_mask_and_handles_empty" time="0.095" /><testcase classname="tests.test_qcpr_v3_m0" name="test_m0_symmetric_query_swap_uses_direct_opposite_query_logits" time="0.001" /><testcase classname="tests.test_qcpr_v3_mask_diagnostic" name="test_exact_s2looking_filter_rejects_nominal_presence_only" time="0.001" /><testcase classname="tests.test_qcpr_v3_mask_diagnostic" name="test_fixed_probe_skips_all_empty_base_pairs_and_keeps_direction_pair" time="0.003" /><testcase classname="tests.test_qcpr_v3_mask_diagnostic" name="test_explicit_probe_ids_are_selected_and_history_append_is_independent" time="0.002" /><testcase classname="tests.test_qcpr_v3_mask_diagnostic" name="test_pair_level_probe_allows_one_row_with_both_directions" time="0.003" /><testcase classname="tests.test_qcpr_v3_mask_diagnostic" name="test_objective_ablation_contract_is_exact" time="0.087" /><testcase classname="tests.test_qcpr_v3_mask_diagnostic" name="test_query_swap_gap_uses_same_target_without_smoothing" time="0.002" /><testcase classname="tests.test_qcpr_v3_mask_gate" name="test_frozen_fingerprint_supports_bfloat16_and_is_value_sensitive" time="0.001" /><testcase classname="tests.test_qcpr_v3_mask_gate" name="test_m0_development_decodes_bounded_pair_chunks_not_full_cartesian_batch" time="0.202" /><testcase classname="tests.test_qcpr_v3_mask_gate" name="test_micro_gate_uses_fixed_train_soft_metrics_without_arbitrary_hard_thresholds" time="0.001" /><testcase classname="tests.test_qcpr_v3_mask_gate" name="test_validation_is_separate_generalization_signal" time="0.001" /><testcase classname="tests.test_qcpr_v3_mask_gate" name="test_validation_rejects_query_independent_mask_improvement" time="0.001" /><testcase classname="tests.test_qcpr_v3_mask_gate" name="test_direction_gates_reject_all_foreground_predictions" time="0.001" /><testcase classname="tests.test_qcpr_v3_mask_gate" name="test_direction_separation_compares_opposite_query_on_same_target" time="0.089" /><testcase classname="tests.test_qcpr_v3_mask_gate" name="test_direction_separation_optimizes_soft_query_swap_gap" time="0.002" /><testcase classname="tests.test_qcpr_v3_mask_gate" name="test_direction_separation_rejects_nonpositive_temperature" time="0.001" /><testcase classname="tests.test_qcpr_v3_model" name="test_generic_v3_shapes_and_no_semantic_specific_heads" time="0.503" /><testcase classname="tests.test_qcpr_v3_model" name="test_sparse_mask_prior_initializes_final_logit_bias" time="0.100" /><testcase classname="tests.test_qcpr_v3_model" name="test_temporal_field_projects_raw_visual_tokens_before_signed_difference" time="0.095" /><testcase classname="tests.test_qcpr_v3_model" name="test_grounding_tokens_and_global_query_may_use_different_frozen_encoders" time="0.400" /><testcase classname="tests.test_qcpr_v3_model" name="test_production_global_512_and_local_256_dimensions_remain_separate" time="0.197" /><testcase classname="tests.test_qcpr_v3_model" name="test_temporal_field_preserves_siglip_native_grid" time="0.099" /><testcase classname="tests.test_qcpr_v3_model" name="test_all_consumers_share_exact_scores_and_mask_logits" time="1.300" /><testcase classname="tests.test_qcpr_v3_model" name="test_b_direct_late_interaction_skips_cross_attention_and_mask_decoder" time="0.095" /><testcase classname="tests.test_qcpr_v3_model" name="test_multiscale_decoder_keeps_small_local_peak" time="0.302" /><testcase classname="tests.test_qcpr_v3_model" name="test_feature_decoder_consumes_grounded_skip_features" time="0.300" /><testcase classname="tests.test_qcpr_v3_model" name="test_query_modulation_makes_dense_features_text_conditional" time="0.104" /><testcase classname="tests.test_qcpr_v3_model" name="test_global_query_embedding_directly_conditions_dense_features" time="0.097" /><testcase classname="tests.test_qcpr_v3_model" name="test_multiscale_fusion_sends_gradient_to_every_refiner" time="0.496" /><testcase classname="tests.test_qcpr_v3_model" name="test_empty_content_tokens_are_finite_and_near_empty_mask_gates_local_score" time="0.498" /><testcase classname="tests.test_qcpr_v3_model" name="test_full_grounder_constant_visual_input_has_no_systematic_border" time="0.204" /><testcase classname="tests.test_qcpr_v3_model" name="test_patch_pooling_logits_are_sampled_from_displayed_mask_field" time="0.300" /><testcase classname="tests.test_qcpr_v3_model" name="test_two_stage_selection_is_deterministic_and_reports_recall" time="0.001" /><testcase classname="tests.test_qcpr_v3_model" name="test_finite_forward_backward_and_checkpoint_round_trip" time="1.400" /><testcase classname="tests.test_qcpr_v3_panel" name="test_grounding_panel_is_labeled_multiview_not_unlabeled_strip" time="0.714" /><testcase classname="tests.test_qcpr_v3_phases_losses" name="test_training_phases_are_complete_and_overrides_rejected" time="0.001" /><testcase classname="tests.test_qcpr_v3_phases_losses" name="test_phase_enables_only_declared_modules" time="0.007" /><testcase classname="tests.test_qcpr_v3_phases_losses" name="test_phase_profiles_only_enable_parameters_connected_to_active_losses" time="0.008" /><testcase classname="tests.test_qcpr_v3_phases_losses" name="test_mask_losses_separate_empty_and_nonempty" time="0.004" /><testcase classname="tests.test_qcpr_v3_phases_losses" name="test_a0_duplicate_captions_are_ambiguous_not_cross_pair_positives" time="0.003" /><testcase classname="tests.test_qcpr_v3_phases_losses" name="test_global_bootstrap_has_no_historical_teacher_loss" time="0.001" /><testcase classname="tests.test_qcpr_v3_resolution_contract" name="test_foreground_survives_canonical_downsampling" time="0.053" /><testcase classname="tests.test_qcpr_v3_resolution_contract" name="test_crop_uses_identical_geometry_and_nearest_mask" time="0.004" /><testcase classname="tests.test_qcpr_v3_resolution_contract" name="test_jittered_crop_is_deterministic_and_never_drops_target" time="0.002" /><testcase classname="tests.test_qcpr_v3_resolution_contract" name="test_temporal_reversal_is_atomic_and_involutive" time="0.001" /><testcase classname="tests.test_qcpr_v3_resolution_contract" name="test_manifest_dataset_applies_native_target_aware_crop" time="0.958" /><testcase classname="tests.test_qcpr_v3_teacher" name="test_teacher_is_strict_frozen_separate_and_absent_from_student_optimizer" time="0.005" /><testcase classname="tests.test_qcpr_v3_teacher" name="test_clean_v3_bootstrap_has_no_historical_teacher" time="0.031" /><testcase classname="tests.test_qcpr_v3_teacher" name="test_real_v1_checkpoint_strict_loading" time="0.001"><skipped type="pytest.skip" message="cluster immutable v1 checkpoint unavailable">/mnt/weka/svardanyan/rs_change_project/code/project-qcpr-v3-rc1/tests/test_qcpr_v3_teacher.py:60: cluster immutable v1 checkpoint unavailable</skipped></testcase><testcase classname="tests.test_remote_sensing_vlm_compat" name="test_earthdial_env_compat_sets_protobuf_mode" time="0.002" /><testcase classname="tests.test_remote_sensing_vlm_compat" name="test_transformers_compat_patches_earthdial_requirements" time="0.002" /><testcase classname="tests.test_remote_sensing_vlm_compat" name="test_earthdial_slow_tokenizer_loads_when_local_model_exists" time="0.001" /><testcase classname="tests.test_research_framework" name="test_research_report_contains_protocol_transitions_and_exports" time="0.002" /><testcase classname="tests.test_research_pipeline" name="test_research_pipeline_builds_serializable_bundle_and_prompt" time="0.001" /><testcase classname="tests.test_research_pipeline" name="test_evidence_bundle_serializer_is_deterministic" time="0.001" /><testcase classname="tests.test_research_retrieval_page" name="test_research_page_builds_fake_query_and_pipeline_result" time="0.004" /><testcase classname="tests.test_research_retrieval_page" name="test_research_page_falls_back_to_fake_backend" time="0.001" /><testcase classname="tests.test_retrieval_core" name="test_retrieval_runtime_fake_backend_is_deterministic" time="0.001" /><testcase classname="tests.test_retrieval_core" name="test_retrieval_contracts_are_json_serializable" time="0.002" /><testcase classname="tests.test_retrieval_core" name="test_retrieval_registry_and_noop_backend" time="0.001" /><testcase classname="tests.test_retrieval_core" name="test_manifest_and_vector_store_helpers" time="0.001" /><testcase classname="tests.test_retrieval_losses" name="test_symmetric_infonce_loss_runs" time="0.001" /><testcase classname="tests.test_retrieval_losses" name="test_symmetric_infonce_supports_multi_positive_mask" time="0.001" /><testcase classname="tests.test_retrieval_losses" name="test_supervised_contrastive_loss_runs" time="0.001" /><testcase classname="tests.test_retrieval_losses" name="test_soft_histogram_contrastive_loss_runs" time="0.080" /><testcase classname="tests.test_retrieval_losses" name="test_asymmetric_caption_pair_loss_uses_logsumexp_for_pair_to_text" time="0.002" /><testcase classname="tests.test_retrieval_supervision_selection" name="test_cpu_resolution_never_calls_cuda" time="0.001" /><testcase classname="tests.test_retrieval_supervision_selection" name="test_explicit_cuda_index_is_preserved_without_cuda_probe" time="0.001" /><testcase classname="tests.test_retrieval_supervision_selection" name="test_generic_cuda_alias_resolves_to_current_device" time="0.001" /><testcase classname="tests.test_retrieval_supervision_selection" name="test_generic_cuda_alias_without_cuda_is_deterministic" time="0.001" /><testcase classname="tests.test_retrieval_supervision_selection" name="test_explicit_device_mismatch_is_rejected" time="0.001" /><testcase classname="tests.test_retrieval_supervision_selection" name="test_all_retrieval_supervised_cpu_indices_are_compact_and_device_safe" time="0.001" /><testcase classname="tests.test_retrieval_supervision_selection" name="test_mixed_supervision_uses_compact_pair_mapping" time="0.090" /><testcase classname="tests.test_retrieval_supervision_selection" name="test_empty_retrieval_subset_returns_empty_device_safe_tensors" time="0.001" /><testcase classname="tests.test_retrieval_supervision_selection" name="test_out_of_range_caption_to_pair_is_rejected[mapping0]" time="0.001" /><testcase classname="tests.test_retrieval_supervision_selection" name="test_out_of_range_caption_to_pair_is_rejected[mapping1]" time="0.001" /><testcase classname="tests.test_retrieval_supervision_selection" name="test_rank_validation_is_explicit" time="0.001" /><testcase classname="tests.test_retrieval_supervision_selection" name="test_cpu_collator_indices_produce_cuda_selection" time="0.000"><skipped type="pytest.skip" message="CUDA-only regression: CPU collator indices must move before CUDA indexing">/mnt/weka/svardanyan/rs_change_project/code/project-qcpr-v3-rc1/tests/test_retrieval_supervision_selection.py:89: CUDA-only regression: CPU collator indices must move before CUDA indexing</skipped></testcase><testcase classname="tests.test_retrieval_training_eval" name="test_dataset_and_sampler_roundtrip" time="0.002" /><testcase classname="tests.test_retrieval_training_eval" name="test_metrics_smoke" time="0.001" /><testcase classname="tests.test_retrieval_training_eval" name="test_train_and_eval_scripts" time="8.393" /><testcase classname="tests.test_rng_state_restore" name="test_restore_cpu_rng_state_normalizes_to_cpu_byte_tensor" time="0.001" /><testcase classname="tests.test_rng_state_restore" name="test_restore_cuda_rng_state_selects_current_device_and_normalizes" time="0.001" /><testcase classname="tests.test_rng_state_restore" name="test_restore_rng_state_accepts_single_cuda_tensor" time="0.001" /><testcase classname="tests.test_rscc_manifest" name="test_qvq_max_captions_are_model_generated_benchmark_ground_truth" time="2.569" /><testcase classname="tests.test_rscc_manifest" name="test_rscc_qvq_subset_is_test_only_unless_authoritative_split_is_present" time="2.519" /><testcase classname="tests.test_rscc_manifest" name="test_no_rscc_rows_enter_default_train_loader" time="2.356" /><testcase classname="tests.test_rscc_manifest" name="test_qvq_ground_truth_only_returns_expected_988_rows" time="3.070" /><testcase classname="tests.test_rscc_manifest" name="test_generated_full_rscc_captions_remain_distinguishable_from_qvq_ground_truth" time="4.977" /><testcase classname="tests.test_s2looking_qcpr_manifest" name="test_s2looking_builder_emits_direction_specific_query_masks" time="0.014" /><testcase classname="tests.test_s2looking_qcpr_manifest" name="test_s2looking_builder_rejects_unaligned_labels" time="0.006" /><testcase classname="tests.test_s2looking_v31_time_order" name="test_empty_directional_target_uses_explicit_negative_caption" time="0.002" /><testcase classname="tests.test_s2looking_v31_time_order" name="test_nonempty_directional_target_keeps_positive_caption" time="0.002" /><testcase classname="tests.test_s2looking_v31_time_order" name="test_official_s2looking_image_order_is_reversed_to_chronological_order" time="0.002" /><testcase classname="tests.test_s2looking_v31_time_order" name="test_radiometric_core_threshold_is_fit_on_train_geometry_core_only" time="0.002" /><testcase classname="tests.test_s2looking_v31_time_order" name="test_directional_sanity_pair_selection_uses_quality_not_model_results" time="0.002" /><testcase classname="tests.test_segmentation_runtime" name="test_build_cell_packs_shapes" time="0.002" /><testcase classname="tests.test_select_gradient_clip_threshold" name="test_select_threshold_targets_requested_clipping_fraction" time="0.004" /><testcase classname="tests.test_select_gradient_clip_threshold" name="test_select_threshold_rejects_missing_or_invalid_evidence" time="0.002" /><testcase classname="tests.test_select_gradient_clip_threshold" name="test_select_threshold_excludes_epoch_gradient_summaries_from_modules" time="0.003" /><testcase classname="tests.test_semantic_change_model" name="test_semantic_change_model_outputs_semantic_and_auxiliary_change_logits" time="0.244" /><testcase classname="tests.test_semantic_change_model" name="test_semantic_change_model_rejects_wrong_channel_count" time="0.008" /><testcase classname="tests.test_semantic_change_model" name="test_encode_transition_map_uses_semantic_pair_ids" time="0.001" /><testcase classname="tests.test_semantic_change_model" name="test_semantic_change_loss_is_differentiable" time="0.195" /><testcase classname="tests.test_semantic_change_model" name="test_semantic_change_loss_respects_ignore_index_for_derived_change_target" time="0.095" /><testcase classname="tests.test_semantic_change_model" name="test_semantic_change_metrics_score_perfect_prediction" time="0.003" /><testcase classname="tests.test_semantic_change_model" name="test_semantic_change_metrics_detect_partial_transition_mistake_and_ignore_pixels" time="0.002" /><testcase classname="tests.test_semantic_change_model" name="test_binary_change_metrics_precision_recall_f1_iou_dice" time="0.001" /><testcase classname="tests.test_semantic_task_manifests" name="test_build_semantic_change_task_manifests" time="0.166" /><testcase classname="tests.test_semantic_training_pipeline" name="test_semantic_training_and_eval_pipeline" time="9.341" /><testcase classname="tests.test_semantic_training_pipeline" name="test_semantic_change_loss_handles_all_ignore" time="0.007" /><testcase classname="tests.test_semantic_training_pipeline" name="test_split_aware_semantic_training_writes_optional_test_metrics" time="5.219" /><testcase classname="tests.test_semantic_transitions" name="test_transition_histogram_synthetic_case" time="0.002" /><testcase classname="tests.test_semantic_transitions" name="test_transition_similarity_cosine" time="0.002" /><testcase classname="tests.test_siglip2_grounding_backbone" name="test_siglip2_dense_contract_and_direction_tokens" time="0.016" /><testcase classname="tests.test_siglip2_grounding_backbone" name="test_siglip2_frozen_weights_are_absent_from_optimizer_and_checkpoint" time="0.002" /><testcase classname="tests.test_static_pair_retrieval" name="test_static_region_index_build_and_query" time="0.030" /><testcase classname="tests.test_static_pair_retrieval" name="test_pair_analog_index_build_and_query" time="0.003" /><testcase classname="tests.test_static_pair_retrieval" name="test_query_script_returns_ranked_json" time="0.006" /><testcase classname="tests.test_streamlit_vlm_first_contract" name="test_app_no_longer_uses_semantic_rows_for_user_answer" time="0.002" /><testcase classname="tests.test_streamlit_vlm_first_contract" name="test_app_sends_contact_sheet_to_vlm" time="0.002" /><testcase classname="tests.test_streamlit_vlm_first_contract" name="test_normal_vlm_selector_is_gemma_only_until_debug_enabled" time="0.002" /><testcase classname="tests.test_streamlit_vlm_first_contract" name="test_normal_app_hides_retired_visual_baseline_segmentation_and_feature_encoder_controls" time="0.002" /><testcase classname="tests.test_summarize_pair_retrieval_eval" name="test_summarize_pair_retrieval_eval_script" time="0.093" /><testcase classname="tests.test_summarize_pair_retrieval_eval" name="test_summarize_pair_retrieval_eval_omits_missing_transition_fields" time="0.076" /><testcase classname="tests.test_summarize_pair_retrieval_train" name="test_summarize_pair_retrieval_train_script" time="0.062" /><testcase classname="tests.test_summarize_pair_retrieval_train" name="test_summarize_pair_retrieval_train_omits_missing_transition_fields" time="0.065" /><testcase classname="tests.test_temporal_caption_manifest_pipeline" name="test_levir_mci_manifest_preserves_splits_and_namespaces" time="0.009" /><testcase classname="tests.test_temporal_caption_manifest_pipeline" name="test_levir_default_errors_on_train_test_duplicate_without_replacing_output" time="2.657" /><testcase classname="tests.test_temporal_caption_manifest_pipeline" name="test_levir_drop_train_retains_test_and_reports_removed_pair" time="2.439" /><testcase classname="tests.test_temporal_caption_manifest_pipeline" name="test_levir_drop_train_retains_val_over_train" time="2.580" /><testcase classname="tests.test_temporal_caption_manifest_pipeline" name="test_levir_no_invalid_output_file_after_audit_failure" time="2.514" /><testcase classname="tests.test_temporal_caption_manifest_pipeline" name="test_second_cc_raw_adapter_does_not_need_hdf5" time="0.009" /><testcase classname="tests.test_temporal_caption_manifest_pipeline" name="test_second_cc_karpathy_manifest_uses_official_layout_and_semantics" time="0.008" /><testcase classname="tests.test_temporal_caption_manifest_pipeline" name="test_second_cc_canonical_only_strips_random_augment_and_prefers_canonical" time="0.008" /><testcase classname="tests.test_temporal_caption_manifest_pipeline" name="test_second_cc_train_views_keeps_train_augments_but_excludes_val_test_augments" time="0.015" /><testcase classname="tests.test_temporal_caption_manifest_pipeline" name="test_second_cc_all_rows_is_diagnostic_and_keeps_augmented_val_test_warning" time="0.007" /><testcase classname="tests.test_temporal_caption_manifest_pipeline" name="test_second_cc_base_pair_leakage_across_splits_is_rejected" time="2.466" /><testcase classname="tests.test_temporal_caption_manifest_pipeline" name="test_second_cc_deterministic_fallback_when_only_augmented_view_exists" time="0.008" /><testcase classname="tests.test_temporal_caption_manifest_pipeline" name="test_second_cc_expected_count_mismatch_is_detailed_and_atomic" time="2.473" /><testcase classname="tests.test_temporal_caption_manifest_pipeline" name="test_second_cc_restval_policy_and_expected_count_validation" time="2.645" /><testcase classname="tests.test_temporal_caption_manifest_pipeline" name="test_rscc_adapter_excludes_model_generated_by_default_and_preserves_license" time="0.003" /><testcase classname="tests.test_temporal_caption_manifest_pipeline" name="test_audit_detects_missing_files_duplicates_and_split_leakage" time="0.003" /><testcase classname="tests.test_temporal_caption_manifest_pipeline" name="test_manifest_dataset_sampler_is_deterministic_and_rotates" time="0.006" /><testcase classname="tests.test_temporal_caption_manifest_pipeline" name="test_manifest_dataset_max_pairs_stratified_preserves_mixed_train_coverage" time="0.087" /><testcase classname="tests.test_temporal_caption_manifest_pipeline" name="test_manifest_dataset_max_pairs_stratified_preserves_mixed_validation_coverage" time="0.085" /><testcase classname="tests.test_temporal_caption_manifest_pipeline" name="test_manifest_dataset_max_pairs_single_dataset_behavior_is_unchanged" time="0.004" /><testcase classname="tests.test_temporal_caption_manifest_pipeline" name="test_manifest_dataset_max_pairs_zero_produces_empty_subset" time="0.005" /><testcase classname="tests.test_temporal_caption_manifest_pipeline" name="test_manifest_dataset_negative_max_pairs_fails_clearly" time="0.002" /><testcase classname="tests.test_temporal_caption_manifest_pipeline" name="test_manifest_dataset_too_small_max_pairs_reports_omitted_datasets" time="0.008" /><testcase classname="tests.test_temporal_caption_manifest_pipeline" name="test_manifest_dataset_weighted_sampler_regression_for_mixed_smoke_subset" time="0.086" /><testcase classname="tests.test_temporal_caption_manifest_pipeline" name="test_manifest_inspection_command_reports_counts_and_fingerprint" time="2.587" /><testcase classname="tests.test_temporal_caption_manifest_pipeline" name="test_per_dataset_metrics_are_query_masks_over_same_rank_tensor" time="0.035" /><testcase classname="tests.test_temporal_caption_manifest_pipeline" name="test_mixed_evaluation_loads_canonical_manifests_and_reports_metadata" time="0.097" /><testcase classname="tests.test_temporal_caption_manifest_pipeline" name="test_levir_only_evaluation_backward_compatibility_and_depth6_config" time="0.003" /><testcase classname="tests.test_temporal_caption_segmentation_targets" name="test_second_semantic_maps_create_real_change_union_target" time="0.003" /><testcase classname="tests.test_temporal_caption_segmentation_targets" name="test_missing_mask_and_semantics_are_not_treated_as_negative_supervision" time="0.003" /><testcase classname="tests.test_terratorch_diagnostics" name="test_diagnose_terratorch_env_cli" time="2.389" /><testcase classname="tests.test_terratorch_diagnostics" name="test_prithvi_runner_writes_diagnostics" time="7.028" /><testcase classname="tests.test_terratorch_factory_inspection" name="test_inspect_terratorch_factories_contract" time="0.005" /><testcase classname="tests.test_terratorch_module_inspection" name="test_inspect_terratorch_module_contract" time="0.002" /><testcase classname="tests.test_ucv2_stage1_next_collator" name="test_frequency_balanced_collator_is_deterministic_per_epoch_and_pair" time="0.005" /><testcase classname="tests.test_ucv2_stage1_next_collator" name="test_caption_sampling_rotates_to_cover_all_captions" time="0.005" /><testcase classname="tests.test_ucv2_stage1_next_collator" name="test_detail_aware_caption_sampling_keeps_most_detailed_slot" time="0.003" /><testcase classname="tests.test_ucv2_stage1_next_collator" name="test_validation_collator_keeps_all_captions" time="0.002" /><testcase classname="tests.test_ucv2_stage1_next_collator" name="test_pair_level_directional_masks_follow_selected_queries" time="0.002" /><testcase classname="tests.test_ucv2_stage1_next_loss" name="test_stable_caption_groups_ignore_case_and_punctuation" time="0.002" /><testcase classname="tests.test_ucv2_stage1_next_loss" name="test_caption_normalization_handles_whitespace_unicode_and_is_deterministic" time="0.002" /><testcase classname="tests.test_ucv2_stage1_next_loss" name="test_positive_mask_expands_normalized_duplicate_groups" time="0.002" /><testcase classname="tests.test_ucv2_stage1_next_loss" name="test_set_mass_loss_removes_positive_count_floor" time="0.004" /><testcase classname="tests.test_ucv2_stage1_next_loss" name="test_empty_positive_mask_is_rejected" time="0.001" /><testcase classname="tests.test_ucv2_stage1_next_loss" name="test_trainable_temperature_is_bounded_and_differentiable" time="0.003" /><testcase classname="tests.test_ucv2_stage1_next_loss" name="test_fixed_temperature_keeps_legacy_projection_state_dict_shape" time="0.002" /><testcase classname="tests.test_ucv2_stage1_next_loss" name="test_text_adapter_near_identity_shape_and_gradients" time="0.098" /><testcase classname="tests.test_ucv2_stage1_next_loss" name="test_false_negative_safe_queue_excludes_same_caption_group" time="0.002" /><testcase classname="tests.test_ucv2_stage1_next_loss" name="test_caption_semantic_classifier_is_centralized" time="0.002" /><testcase classname="tests.test_ucv2_stage1_next_loss" name="test_no_change_phrases_are_negation_aware[no change]" time="0.001" /><testcase classname="tests.test_ucv2_stage1_next_loss" name="test_no_change_phrases_are_negation_aware[no changes]" time="0.091" /><testcase classname="tests.test_ucv2_stage1_next_loss" name="test_no_change_phrases_are_negation_aware[no significant change]" time="0.002" /><testcase classname="tests.test_ucv2_stage1_next_loss" name="test_no_change_phrases_are_negation_aware[no significant changes]" time="0.002" /><testcase classname="tests.test_ucv2_stage1_next_loss" name="test_no_change_phrases_are_negation_aware[no noticeable change]" time="0.001" /><testcase classname="tests.test_ucv2_stage1_next_loss" name="test_no_change_phrases_are_negation_aware[no visible change]" time="0.001" /><testcase classname="tests.test_ucv2_stage1_next_loss" name="test_no_change_phrases_are_negation_aware[no substantial change]" time="0.002" /><testcase classname="tests.test_ucv2_stage1_next_loss" name="test_no_change_phrases_are_negation_aware[no major change]" time="0.001" /><testcase classname="tests.test_ucv2_stage1_next_loss" name="test_no_change_phrases_are_negation_aware[no meaningful change]" time="0.001" /><testcase classname="tests.test_ucv2_stage1_next_loss" name="test_no_change_phrases_are_negation_aware[without change]" time="0.001" /><testcase classname="tests.test_ucv2_stage1_next_loss" name="test_no_change_phrases_are_negation_aware[without any change]" time="0.001" /><testcase classname="tests.test_ucv2_stage1_next_loss" name="test_no_change_phrases_are_negation_aware[remained unchanged]" time="0.001" /><testcase classname="tests.test_ucv2_stage1_next_loss" name="test_no_change_phrases_are_negation_aware[remains unchanged]" time="0.001" /><testcase classname="tests.test_ucv2_stage1_next_loss" name="test_no_change_phrases_are_negation_aware[stayed unchanged]" time="0.001" /><testcase classname="tests.test_ucv2_stage1_next_loss" name="test_no_change_phrases_are_negation_aware[stays unchanged]" time="0.001" /><testcase classname="tests.test_ucv2_stage1_next_loss" name="test_no_change_phrases_are_negation_aware[remained the same]" time="0.001" /><testcase classname="tests.test_ucv2_stage1_next_loss" name="test_no_change_phrases_are_negation_aware[remains the same]" time="0.001" /><testcase classname="tests.test_ucv2_stage1_next_loss" name="test_no_change_phrases_are_negation_aware[stayed the same]" time="0.001" /><testcase classname="tests.test_ucv2_stage1_next_loss" name="test_no_change_phrases_are_negation_aware[no difference]" time="0.001" /><testcase classname="tests.test_ucv2_stage1_next_loss" name="test_no_change_phrases_are_negation_aware[no differences]" time="0.001" /><testcase classname="tests.test_ucv2_stage1_next_loss" name="test_no_change_phrases_are_negation_aware[no changes occurred]" time="0.001" /><testcase classname="tests.test_ucv2_stage1_next_loss" name="test_no_change_phrases_are_negation_aware[no change occurred]" time="0.001" /><testcase classname="tests.test_ucv2_stage1_next_loss" name="test_no_change_phrases_are_negation_aware[No significant change occurred.]" time="0.001" /><testcase classname="tests.test_ucv2_stage1_next_loss" name="test_negated_direction_terms_are_false_and_no_change[no new buildings appeared-appeared]" time="0.001" /><testcase classname="tests.test_ucv2_stage1_next_loss" name="test_negated_direction_terms_are_false_and_no_change[no buildings were constructed-constructed]" time="0.001" /><testcase classname="tests.test_ucv2_stage1_next_loss" name="test_negated_direction_terms_are_false_and_no_change[no structures were demolished-demolished]" time="0.001" /><testcase classname="tests.test_ucv2_stage1_next_loss" name="test_negated_direction_terms_are_false_and_no_change[buildings did not appear-appeared]" time="0.001" /><testcase classname="tests.test_ucv2_stage1_next_loss" name="test_negated_direction_terms_are_false_and_no_change[the area did not expand-expanded]" time="0.001" /><testcase classname="tests.test_ucv2_stage1_next_loss" name="test_negated_direction_terms_are_false_and_no_change[vegetation has not decreased-decreased]" time="0.001" /><testcase classname="tests.test_ucv2_stage1_next_loss" name="test_non_negated_direction_terms_remain_changed[two buildings appeared-appeared]" time="0.001" /><testcase classname="tests.test_ucv2_stage1_next_loss" name="test_non_negated_direction_terms_remain_changed[several structures were demolished-demolished]" time="0.001" /><testcase classname="tests.test_ucv2_stage1_next_loss" name="test_non_negated_direction_terms_remain_changed[vegetation decreased-decreased]" time="0.001" /><testcase classname="tests.test_ucv2_stage1_next_loss" name="test_cluster_regression_no_significant_change_occurred" time="0.001" /><testcase classname="tests.test_ucv2_stage1_next_loss" name="test_structures_demolished_southern_area_regression" time="0.001" /><testcase classname="tests.test_ucv2_stage1_next_loss" name="test_expanded_object_terms_are_detected[structure]" time="0.001" /><testcase classname="tests.test_ucv2_stage1_next_loss" name="test_expanded_object_terms_are_detected[structures]" time="0.001" /><testcase classname="tests.test_ucv2_stage1_next_loss" name="test_expanded_object_terms_are_detected[facility]" time="0.001" /><testcase classname="tests.test_ucv2_stage1_next_loss" name="test_expanded_object_terms_are_detected[facilities]" time="0.001" /><testcase classname="tests.test_ucv2_stage1_next_loss" name="test_expanded_object_terms_are_detected[settlement]" time="0.001" /><testcase classname="tests.test_ucv2_stage1_next_loss" name="test_expanded_object_terms_are_detected[settlements]" time="0.001" /><testcase classname="tests.test_ucv2_stage1_next_loss" name="test_expanded_object_terms_are_detected[parking]" time="0.001" /><testcase classname="tests.test_ucv2_stage1_next_loss" name="test_expanded_object_terms_are_detected[parking lot]" time="0.001" /><testcase classname="tests.test_ucv2_stage1_next_loss" name="test_expanded_object_terms_are_detected[parking_lot]" time="0.001" /><testcase classname="tests.test_ucv2_stage1_next_loss" name="test_expanded_object_terms_are_detected[bridge]" time="0.001" /><testcase classname="tests.test_ucv2_stage1_next_loss" name="test_expanded_object_terms_are_detected[bridges]" time="0.001" /><testcase classname="tests.test_ucv2_stage1_next_loss" name="test_directional_location_adjectives_are_detected[northern]" time="0.001" /><testcase classname="tests.test_ucv2_stage1_next_loss" name="test_directional_location_adjectives_are_detected[southern]" time="0.001" /><testcase classname="tests.test_ucv2_stage1_next_loss" name="test_directional_location_adjectives_are_detected[eastern]" time="0.001" /><testcase classname="tests.test_ucv2_stage1_next_loss" name="test_directional_location_adjectives_are_detected[western]" time="0.001" /><testcase classname="tests.test_ucv2_stage1_next_loss" name="test_directional_location_adjectives_are_detected[northeastern]" time="0.001" /><testcase classname="tests.test_ucv2_stage1_next_loss" name="test_directional_location_adjectives_are_detected[northwestern]" time="0.001" /><testcase classname="tests.test_ucv2_stage1_next_loss" name="test_directional_location_adjectives_are_detected[southeastern]" time="0.001" /><testcase classname="tests.test_ucv2_stage1_next_loss" name="test_directional_location_adjectives_are_detected[southwestern]" time="0.001" /><testcase classname="tests.test_ucv2_stage1_next_loss" name="test_no_change_implies_not_changed_invariant[no change]" time="0.001" /><testcase classname="tests.test_ucv2_stage1_next_loss" name="test_no_change_implies_not_changed_invariant[no significant changes]" time="0.001" /><testcase classname="tests.test_ucv2_stage1_next_loss" name="test_no_change_implies_not_changed_invariant[remained unchanged]" time="0.001" /><testcase classname="tests.test_ucv2_stage1_next_loss" name="test_semantic_direction_contradicts_no_change_and_changed_symmetrically" time="0.001" /><testcase classname="tests.test_ucv2_stage1_next_loss" name="test_semantic_paraphrases_receive_soft_relevance_and_exact_groups_are_hard" time="0.002" /><testcase classname="tests.test_ucv2_stage1_next_loss" name="test_exact_normalized_caption_groups_remain_semantic_hard_positives" time="0.012" /><testcase classname="tests.test_ucv2_stage1_next_loss" name="test_opposite_directions_receive_zero_semantic_relevance" time="0.003" /><testcase classname="tests.test_ucv2_stage1_next_loss" name="test_semantic_soft_target_loss_is_detached_and_finite" time="0.099" /><testcase classname="tests.test_ucv2_stage1_next_loss" name="test_caption_detail_score_prefers_direction_object_count_location_without_length_domination" time="0.096" /><testcase classname="tests.test_ucv2_stage1_next_loss" name="test_structured_fna_attracts_compatible_constraints_and_rejects_direction_conflicts" time="0.003" /><testcase classname="tests.test_ucv2_stage1_next_loss" name="test_structured_fna_loss_is_finite_and_improves_when_compatible_scores_increase" time="0.097" /><testcase classname="tests.test_ucv2_stage1_next_loss" name="test_semantic_loss_reports_structured_fna_diagnostics_when_enabled" time="0.099" /><testcase classname="tests.test_ucv2_stage1_next_metrics" name="test_extended_metrics_report_exact_frequency_and_mask_strata" time="0.101" /><testcase classname="tests.test_ucv2_stage1_next_metrics" name="test_repeated_retrieval_metrics_are_deterministic_and_do_not_mutate_inputs" time="0.201" /><testcase classname="tests.test_ucv2_stage1_next_metrics" name="test_semantic_retrieval_metrics_find_paraphrase_processes" time="0.198" /><testcase classname="tests.test_ucv2_stage1_next_metrics" name="test_chunked_retrieval_matches_full_matrix_for_multiple_chunk_sizes" time="0.003" /><testcase classname="tests.test_ucv2_stage1_next_metrics" name="test_branch_diagnostics_report_required_ranking_calibration_and_attributes" time="0.192" /><testcase classname="tests.test_ucv2_stage1_next_metrics" name="test_v2_global_local_token_and_fused_chunked_scores_match_unchunked" time="0.302" /><testcase classname="tests.test_ucv2_stage1_next_metrics" name="test_v2_paired_mask_logits_chunked_match_unchunked" time="0.099" /><testcase classname="tests.test_ucv2_stage1_next_metrics" name="test_v2_paired_mask_logits_include_temporal_changed_prior" time="0.097" /><testcase classname="tests.test_ucv2_stage1_next_metrics" name="test_metrics_are_derived_from_same_rank_tensor_and_are_monotonic" time="0.100" /><testcase classname="tests.test_ucv2_stage1_next_metrics" name="test_candidate_shuffle_with_stable_ids_preserves_ranks_under_ties" time="0.002" /><testcase classname="tests.test_ucv2_stage1_next_metrics" name="test_tied_similarity_scores_use_stable_pair_id_tiebreaking" time="0.001" /><testcase classname="tests.test_ucv2_stage1_next_metrics" name="test_tie_and_margin_diagnostics_are_reported" time="0.097" /><testcase classname="tests.test_ucv2_stage1_next_metrics" name="test_misaligned_retrieval_corpus_is_rejected" time="0.001" /><testcase classname="tests.test_ucv2_stage1_next_temporal" name="test_directional_encoder_changes_when_timestamps_are_swapped" time="0.098" /><testcase classname="tests.test_ucv2_stage1_next_temporal" name="test_legacy_encoder_remains_shape_compatible" time="0.097" /><testcase classname="tests.test_ucv2_stage1_next_training_core" name="test_optimizer_groups_cover_trainable_params_and_no_decay_specials" time="0.002" /><testcase classname="tests.test_ucv2_stage1_next_training_core" name="test_conflict_audit_rules_and_optional_filter_indices" time="0.001" /><testcase classname="tests.test_ucv2_stage1_next_training_core" name="test_composite_score_uses_documented_weights" time="0.001" /><testcase classname="tests.test_ucv2_stage1_next_training_core" name="test_checkpoint_save_roundtrip_records_selection_metadata" time="0.094" /><testcase classname="tests.test_ucv2_stage1_next_training_core" name="test_v2_checkpoint_records_temporal_supervision_and_gradient_provenance" time="0.011" /><testcase classname="tests.test_ucv2_stage1_next_training_core" name="test_stage1_next_does_not_introduce_pair_to_pair_or_exact_selection_modules" time="0.002" /><testcase classname="tests.test_ucv2_stage1_next_training_core" name="test_stage1_next_slurm_scripts_pin_pythonpath_after_code_root_override" time="0.001" /><testcase classname="tests.test_ucv2_stage1_next_training_core" name="test_stage1_next_readiness_gate_requires_depth6_reports" time="4.219" /><testcase classname="tests.test_ucv2_stage1_next_training_core" name="test_stage1_next_readiness_gate_rejects_depth4_reports_for_depth6_training" time="4.141" /><testcase classname="tests.test_ucv2_stage1_next_training_core" name="test_stage1_next_readiness_gate_rejects_text_max_length_mismatch" time="4.329" /><testcase classname="tests.test_ucv2_stage1_next_training_core" name="test_train_subset_missing_s2looking_fails" time="0.002" /><testcase classname="tests.test_ucv2_stage1_next_training_core" name="test_retrieval_validation_without_s2looking_passes" time="0.002" /><testcase classname="tests.test_ucv2_stage1_next_training_core" name="test_retrieval_validation_missing_expected_dataset_fails[levir_mci]" time="0.002" /><testcase classname="tests.test_ucv2_stage1_next_training_core" name="test_retrieval_validation_missing_expected_dataset_fails[second_cc]" time="0.002" /><testcase classname="tests.test_ucv2_stage1_next_training_core" name="test_localization_validation_with_s2looking_passes" time="0.002" /><testcase classname="tests.test_ucv2_stage1_next_training_core" name="test_mixed_readiness_gate_uses_split_filtered_full_counts_and_smoke_caps" time="16.719" /><testcase classname="tests.test_ucv2_stage1_next_training_core" name="test_mixed_training_rejects_levir_only_smoke" time="4.379" /><testcase classname="tests.test_ucv2_stage1_next_training_core" name="test_mixed_readiness_rejects_fingerprint_weight_and_row_count_mismatches" time="12.576" /><testcase classname="tests.test_ucv2_stage1_next_training_core" name="test_three_dataset_mixed_readiness_accepts_matching_reports" time="4.169" /><testcase classname="tests.test_unichange_contracts" name="test_text_role_prefixes_and_last_token_pooling" time="0.002" /><testcase classname="tests.test_unichange_contracts" name="test_jina_global_projection_modes_are_explicit" time="0.005" /><testcase classname="tests.test_unichange_contracts" name="test_universat_joint_backend_uses_single_temporal_input" time="0.016" /><testcase classname="tests.test_unichange_contracts" name="test_unichange_event_decoder_contract" time="0.504" /><testcase classname="tests.test_unichange_contracts" name="test_masked_multi_positive_loss_ignores_unknowns" time="0.094" /><testcase classname="tests.test_unichange_contracts" name="test_late_interaction_and_distillation_contracts" time="0.001" /><testcase classname="tests.test_unichange_contracts" name="test_event_mask_regularizers_prefer_coverage_and_low_overlap" time="0.001" /><testcase classname="tests.test_unichange_contracts" name="test_directional_change_readout_uses_before_after_tokens" time="0.096" /><testcase classname="tests.test_unichange_contracts" name="test_curriculum_keeps_retrieval_before_masks_and_direction" time="0.001" /><testcase classname="tests.test_unichange_contracts" name="test_levir_rgb_spec_does_not_invent_sensor_dates" time="0.001" /><testcase classname="tests.test_unichange_contracts" name="test_event_index_records_store_masks_not_attention" time="0.001" /><testcase classname="tests.test_unichange_joint_training" name="test_pair_centric_batch_preserves_all_sibling_captions" time="0.101" /><testcase classname="tests.test_unichange_joint_training" name="test_safe_negative_mining_never_marks_all_off_diagonal" time="0.002" /><testcase classname="tests.test_unichange_joint_training" name="test_connected_components_are_8_connected_and_resized" time="0.002" /><testcase classname="tests.test_unichange_joint_training" name="test_hungarian_matching_aligns_events_to_components" time="0.090" /><testcase classname="tests.test_unichange_joint_training" name="test_temporal_context_marks_levir_time_as_ordinal_unknown_duration" time="0.001" /><testcase classname="tests.test_unichange_joint_training" name="test_official_and_nested_mci_root_resolution" time="0.003" /><testcase classname="tests.test_unichange_joint_training" name="test_deterministic_subset_identity" time="0.006" /><testcase classname="tests.test_unichange_joint_training" name="test_subset_filters_train_before_seed_selection" time="0.092" /><testcase classname="tests.test_unichange_joint_training" name="test_scheduled_joint_weights_ramp_in_one_run" time="0.001" /><testcase classname="tests.test_unichange_joint_training" name="test_mask_logits_can_exceed_unit_range" time="0.007" /><testcase classname="tests.test_unichange_joint_training" name="test_temporal_context_changes_model_conditioning" time="0.002" /><testcase classname="tests.test_unichange_joint_training" name="test_dataset_level_retrieval_metrics_across_batches" time="0.083" /><testcase classname="tests.test_unichange_joint_training" name="test_synthetic_joint_training_step_and_checkpoint_resume" time="0.517" /><testcase classname="tests.test_unichange_joint_training" name="test_checkpoint_roundtrips_visual_projection_weights" time="0.284" /><testcase classname="tests.test_unichange_joint_training" name="test_scheduler_does_not_collapse_after_few_micro_batches" time="4.302" /><testcase classname="tests.test_unichange_joint_training" name="test_reverse_augmentation_sets_both_direction_classes" time="0.108" /><testcase classname="tests.test_unichange_joint_training" name="test_mask_rendering_writes_panel" time="0.535" /><testcase classname="tests.test_unichange_v2_architecture" name="test_temporal_collate_preserves_variable_t_and_resize_modes" time="0.002" /><testcase classname="tests.test_unichange_v2_architecture" name="test_sequence_universat_flattens_b_times_t_and_restores_temporal_axis" time="0.001" /><testcase classname="tests.test_unichange_v2_architecture" name="test_temporal_encoder_event_decoder_and_query_mask_shapes" time="0.147" /><testcase classname="tests.test_unichange_v2_architecture" name="test_retrieval_losses_queue_and_task_sampler_are_stage_separated" time="0.002" /><testcase classname="tests.test_unichange_v2_retrieval_smoke" name="test_unichange_v2_retrieval_smoke_cli_with_fake_backbones" time="10.617" /><testcase classname="tests.test_unichange_v2_retrieval_smoke" name="test_full_retrieval_sbatch_is_gated_on_real_smoke_and_memory_reports" time="0.012" /><testcase classname="tests.test_unichange_v2_retrieval_smoke" name="test_unichange_v2_retrieval_real_probe_command" time="0.000"><skipped type="pytest.skip" message="real UniverSat/Jina/LEVIR-MCI probe is opt-in">/mnt/weka/svardanyan/rs_change_project/code/project-qcpr-v3-rc1/tests/test_unichange_v2_retrieval_smoke.py:86: real UniverSat/Jina/LEVIR-MCI probe is opt-in</skipped></testcase><testcase classname="tests.test_universat_frame_backend" name="test_frame_backend_uses_encode_without_dates" time="0.001" /><testcase classname="tests.test_verify_rs_change_project" name="test_build_report_incomplete" time="0.005" /><testcase classname="tests.test_verify_rs_change_project" name="test_build_report_ready" time="0.066" /><testcase classname="tests.test_verify_rs_change_project" name="test_build_report_marks_levir_cc_milestone_ready_when_artifacts_and_gate_exist" time="0.015" /><testcase classname="tests.test_visualization_helpers" name="test_empty_mask_overlay_is_fully_transparent" time="0.002" /><testcase classname="tests.test_visualization_helpers" name="test_positive_mask_overlay_marks_only_changed_pixels" time="0.002" /><testcase classname="tests.test_visualization_helpers" name="test_rgb_absolute_difference_uses_channel_mean" time="0.002" /><testcase classname="tests.test_vlm_parser" name="test_parse_cell_response" time="0.002" /><testcase classname="tests.test_vlm_parser" name="test_parse_visual_summary_response" time="0.005" /><testcase classname="tests.test_vlm_parser" name="test_rejects_thinking_process_as_user_summary" time="0.002" /><testcase classname="tests.test_vlm_parser" name="test_rejects_repeated_generic_cell_observations" time="0.003" /><testcase classname="tests.test_vlm_parser" name="test_cell_observation_quality_requires_all_grid_cells" time="0.002" /><testcase classname="tests.test_vlm_parser" name="test_normalize_cell_observations_from_strings" time="0.002" /><testcase classname="tests.test_vlm_parser" name="test_full_local_ollama_profile_has_larger_budget" time="0.001" /><testcase classname="tests.test_vlm_parser" name="test_ollama_prompt_excludes_semantic_and_dino_context" time="0.001" /><testcase classname="tests.test_vlm_parser" name="test_ollama_repair_prompt_forces_complete_json_without_semantic_fallback" time="0.001" /><testcase classname="tests.test_write_ysu_ssh_config" name="test_upsert_host_block_adds_new_alias" time="0.003" /><testcase classname="tests.test_write_ysu_ssh_config" name="test_upsert_host_block_replaces_existing_alias" time="0.002" /><testcase classname="tests.test_write_ysu_ssh_config" name="test_render_can_create_conda_alias_block" time="0.002" /><testcase classname="tests.test_ysu_cluster_preflight" name="test_inspect_ssh_config_missing" time="0.009" /><testcase classname="tests.test_ysu_cluster_preflight" name="test_inspect_ssh_config_alias_present" time="0.006" /><testcase classname="tests.test_ysu_cluster_preflight" name="test_run_preflight_records_dns_failure" time="0.014" /><testcase classname="tests.test_ysu_cluster_preflight" name="test_recommended_ssh_target_uses_terminal_suffix" time="0.005" /></testsuite></testsuites>